#
# There is insufficient memory for the Java Runtime Environment to continue.
# Native memory allocation (malloc) failed to allocate 1048576 bytes for AllocateHeap
# Possible reasons:
#   The system is out of physical RAM or swap space
#   In 32 bit mode, the process size limit was hit
# Possible solutions:
#   Reduce memory load on the system
#   Increase physical memory or swap space
#   Check if swap backing store is full
#   Use 64 bit Java on a 64 bit OS
#   Decrease Java heap size (-Xmx/-Xms)
#   Decrease number of Java threads
#   Decrease Java thread stack sizes (-Xss)
#   Set larger code cache with -XX:ReservedCodeCacheSize=
# This output file may be truncated or incomplete.
#
#  Out of Memory Error (memory/allocation.inline.hpp:61), pid=185204, tid=0x000000000002c4d8
#
# JRE version:  (8.0_131-b11) (build )
# Java VM: Java HotSpot(TM) 64-Bit Server VM (25.131-b11 mixed mode windows-amd64 compressed oops)
# Failed to write core dump. Minidumps are not enabled by default on client versions of Windows
#

---------------  T H R E A D  ---------------

Current thread (0x00000000009ad800):  JavaThread "Unknown thread" [_thread_in_vm, id=181464, stack(0x0000000002320000,0x0000000002420000)]

Stack: [0x0000000002320000,0x0000000002420000]
[error occurred during error reporting (printing stack bounds), id 0xc0000005]

Native frames: (J=compiled Java code, j=interpreted, Vv=VM code, C=native code)


---------------  P R O C E S S  ---------------

Java Threads: ( => current thread )

Other Threads:

=>0x00000000009ad800 (exited) JavaThread "Unknown thread" [_thread_in_vm, id=181464, stack(0x0000000002320000,0x0000000002420000)]

VM state:not at safepoint (normal execution)

VM Mutex/Monitor currently owned by a thread: None

Heap:
 PSYoungGen      total 38400K, used 665K [0x00000000eab00000, 0x00000000ed580000, 0x0000000100000000)
  eden space 33280K, 2% used [0x00000000eab00000,0x00000000eaba6670,0x00000000ecb80000)
  from space 5120K, 0% used [0x00000000ed080000,0x00000000ed080000,0x00000000ed580000)
  to   space 5120K, 0% used [0x00000000ecb80000,0x00000000ecb80000,0x00000000ed080000)
 ParOldGen       total 87552K, used 0K [0x00000000c0000000, 0x00000000c5580000, 0x00000000eab00000)
  object space 87552K, 0% used [0x00000000c0000000,0x00000000c0000000,0x00000000c5580000)
 Metaspace       used 770K, capacity 4480K, committed 4480K, reserved 1056768K
  class space    used 75K, capacity 384K, committed 384K, reserved 1048576K

Card table byte_map: [0x00000000118e0000,0x0000000011af0000] byte_map_base: 0x00000000112e0000

Marking Bits: (ParMarkBitMap*) 0x000000005f7cc720
 Begin Bits: [0x0000000012050000, 0x0000000013050000)
 End Bits:   [0x0000000013050000, 0x0000000014050000)

Polling page: 0x0000000000a00000

CodeCache: size=245760Kb used=328Kb max_used=328Kb free=245431Kb
 bounds [0x0000000002520000, 0x0000000002790000, 0x0000000011520000]
 total_blobs=58 nmethods=0 adapters=38
 compilation: enabled

Compilation events (0 events):
No events

GC Heap History (0 events):
No events

Deoptimization events (0 events):
No events

Internal exceptions (0 events):
No events

Events (10 events):
Event: 0.018 loading class java/lang/Short
Event: 0.018 loading class java/lang/Short done
Event: 0.018 loading class java/lang/Integer
Event: 0.018 loading class java/lang/Integer done
Event: 0.018 loading class java/lang/Long
Event: 0.018 loading class java/lang/Long done
Event: 0.018 loading class java/lang/NullPointerException
Event: 0.018 loading class java/lang/NullPointerException done
Event: 0.018 loading class java/lang/ArithmeticException
Event: 0.018 loading class java/lang/ArithmeticException done


Dynamic libraries:
0x00007ff78ec60000 - 0x00007ff78ec97000 	C:\Program Files\Java\jdk1.8.0_131\bin\java.exe
0x00007ffc9e7b0000 - 0x00007ffc9e95d000 	C:\Windows\SYSTEM32\ntdll.dll
0x00007ffc9e210000 - 0x00007ffc9e34e000 	C:\Windows\system32\KERNEL32.DLL
0x00007ffc9b9a0000 - 0x00007ffc9bab5000 	C:\Windows\system32\KERNELBASE.dll
0x00007ffc9a480000 - 0x00007ffc9a50e000 	C:\Windows\system32\apphelp.dll
0x00007ffc91b10000 - 0x00007ffc91b63000 	C:\Windows\AppPatch\AppPatch64\AcGenral.DLL
0x00007ffc9de60000 - 0x00007ffc9df0a000 	C:\Windows\system32\msvcrt.dll
0x00007ffc9be00000 - 0x00007ffc9be2e000 	C:\Windows\system32\SspiCli.dll
0x00007ffc9c4a0000 - 0x00007ffc9c4f4000 	C:\Windows\system32\SHLWAPI.dll
0x00007ffc9dce0000 - 0x00007ffc9de57000 	C:\Windows\system32\USER32.dll
0x00007ffc9df50000 - 0x00007ffc9e0e4000 	C:\Windows\system32\ole32.dll
0x00007ffc9c6f0000 - 0x00007ffc9dc18000 	C:\Windows\system32\SHELL32.dll
0x00007ffc9aec0000 - 0x00007ffc9aee1000 	C:\Windows\SYSTEM32\USERENV.dll
0x00007ffc9e0f0000 - 0x00007ffc9e19a000 	C:\Windows\system32\ADVAPI32.dll
0x00007ffc84a50000 - 0x00007ffc84a6e000 	C:\Windows\SYSTEM32\MPR.dll
0x00007ffc9c0b0000 - 0x00007ffc9c1f0000 	C:\Windows\system32\RPCRT4.dll
0x00007ffc9e350000 - 0x00007ffc9e3a9000 	C:\Windows\SYSTEM32\sechost.dll
0x00007ffc9be30000 - 0x00007ffc9c041000 	C:\Windows\SYSTEM32\combase.dll
0x00007ffc9e3b0000 - 0x00007ffc9e4ff000 	C:\Windows\system32\GDI32.dll
0x00007ffc9b8d0000 - 0x00007ffc9b8e5000 	C:\Windows\SYSTEM32\profapi.dll
0x00007ffc98980000 - 0x00007ffc98a32000 	C:\Windows\SYSTEM32\SHCORE.dll
0x00007ffc9df10000 - 0x00007ffc9df46000 	C:\Windows\system32\IMM32.DLL
0x00007ffc9c570000 - 0x00007ffc9c6c2000 	C:\Windows\system32\MSCTF.dll
0x00007ffc98500000 - 0x00007ffc9877b000 	C:\Windows\WinSxS\amd64_microsoft.windows.common-controls_6595b64144ccf1df_6.0.9600.18006_none_623f33d3ecbe86e8\COMCTL32.dll
0x000000005fec0000 - 0x000000005ff92000 	C:\Program Files\Java\jdk1.8.0_131\jre\bin\msvcr100.dll
0x000000005efb0000 - 0x000000005f84c000 	C:\Program Files\Java\jdk1.8.0_131\jre\bin\server\jvm.dll
0x00007ffc8b760000 - 0x00007ffc8b769000 	C:\Windows\SYSTEM32\WSOCK32.dll
0x00007ffc97f60000 - 0x00007ffc97f82000 	C:\Windows\SYSTEM32\WINMM.dll
0x00007ffc97f90000 - 0x00007ffc97f9a000 	C:\Windows\SYSTEM32\VERSION.dll
0x00007ffc9c6e0000 - 0x00007ffc9c6e7000 	C:\Windows\system32\PSAPI.DLL
0x00007ffc9c500000 - 0x00007ffc9c55a000 	C:\Windows\system32\WS2_32.dll
0x00007ffc97f20000 - 0x00007ffc97f4a000 	C:\Windows\SYSTEM32\WINMMBASE.dll
0x00007ffc9c490000 - 0x00007ffc9c499000 	C:\Windows\system32\NSI.dll
0x00007ffc9bdb0000 - 0x00007ffc9bdff000 	C:\Windows\SYSTEM32\cfgmgr32.dll
0x00007ffc9a6d0000 - 0x00007ffc9a6f8000 	C:\Windows\SYSTEM32\DEVOBJ.dll
0x0000000060640000 - 0x000000006064f000 	C:\Program Files\Java\jdk1.8.0_131\jre\bin\verify.dll
0x0000000060610000 - 0x0000000060639000 	C:\Program Files\Java\jdk1.8.0_131\jre\bin\java.dll
0x00000000605f0000 - 0x0000000060606000 	C:\Program Files\Java\jdk1.8.0_131\jre\bin\zip.dll

VM Arguments:
jvm_args: -Djava.awt.headless=true -Xmx1024M -Dfile.encoding=windows-1252 -Duser.country=US -Duser.language=en -Duser.variant 
java_command: com.android.dx.command.Main --dex --num-threads=4 --output E:\andro\Youtubek\app\build\intermediates\pre-dexed\debug\com.android.support-support-compat-25.3.1_67b90274b4f0ee689de1bb48cb2774156f93fc85.jar E:\andro\Youtubek\app\build\intermediates\exploded-aar\com.android.support\support-compat\25.3.1\jars\classes.jar
java_class_path (initial): C:\Android\sdk\build-tools\25.0.3\lib\dx.jar
Launcher Type: SUN_STANDARD

Environment Variables:
PATH=E:\app\Kick\product\12.1.0\dbhome_1\bin;C:\Program Files (x86)\NVIDIA Corporation\PhysX\Common;C:\Program Files (x86)\Intel\iCLS Client\;C:\Program Files\Intel\iCLS Client\;C:\ProgramData\Oracle\Java\javapath;C:\Windows\system32;C:\Windows;C:\Windows\System32\Wbem;C:\Windows\System32\WindowsPowerShell\v1.0\;C:\Program Files (x86)\Skype\Phone\;C:\Program Files\Intel\Intel(R) Management Engine Components\DAL;C:\Program Files\Intel\Intel(R) Management Engine Components\IPT;C:\Program Files (x86)\Intel\Intel(R) Management Engine Components\DAL;C:\Program Files (x86)\Intel\Intel(R) Management Engine Components\IPT;C:\Program Files\Git\cmd
USERNAME=Kick
OS=Windows_NT
PROCESSOR_IDENTIFIER=Intel64 Family 6 Model 60 Stepping 3, GenuineIntel



---------------  S Y S T E M  ---------------

OS: Windows 8.1 , 64 bit Build 9600 (6.3.9600.17415)

CPU:total 4 (initial active 4) (4 cores per cpu, 1 threads per core) family 6 model 60 stepping 3, cmov, cx8, fxsr, mmx, sse, sse2, sse3, ssse3, sse4.1, sse4.2, popcnt, avx, avx2, aes, clmul, erms, lzcnt, tsc, tscinvbit, bmi1, bmi2

Memory: 4k page, physical 8283544k(1204056k free), swap 10463000k(5608k free)

vm_info: Java HotSpot(TM) 64-Bit Server VM (25.131-b11) for windows-amd64 JRE (1.8.0_131-b11), built on Mar 15 2017 01:23:53 by "java_re" with MS VC++ 10.0 (VS2010)

time: Tue May 30 16:38:57 2017
elapsed time: 0 seconds (0d 0h 0m 0s)

