#
# There is insufficient memory for the Java Runtime Environment to continue.
# Native memory allocation (malloc) failed to allocate 34192 bytes for Chunk::new
# Possible reasons:
#   The system is out of physical RAM or swap space
#   In 32 bit mode, the process size limit was hit
# Possible solutions:
#   Reduce memory load on the system
#   Increase physical memory or swap space
#   Check if swap backing store is full
#   Use 64 bit Java on a 64 bit OS
#   Decrease Java heap size (-Xmx/-Xms)
#   Decrease number of Java threads
#   Decrease Java thread stack sizes (-Xss)
#   Set larger code cache with -XX:ReservedCodeCacheSize=
# This output file may be truncated or incomplete.
#
#  Out of Memory Error (allocation.cpp:390), pid=172660, tid=0x000000000002d22c
#
# JRE version: Java(TM) SE Runtime Environment (8.0_131-b11) (build 1.8.0_131-b11)
# Java VM: Java HotSpot(TM) 64-Bit Server VM (25.131-b11 mixed mode windows-amd64 compressed oops)
# Failed to write core dump. Minidumps are not enabled by default on client versions of Windows
#

---------------  T H R E A D  ---------------

Current thread (0x00000000009ed800):  JavaThread "main" [_thread_in_native, id=184876, stack(0x0000000002330000,0x0000000002430000)]

Stack: [0x0000000002330000,0x0000000002430000]
[error occurred during error reporting (printing stack bounds), id 0xc0000005]

Native frames: (J=compiled Java code, j=interpreted, Vv=VM code, C=native code)

Java frames: (J=compiled Java code, j=interpreted, Vv=VM code)
j  java.lang.invoke.MethodHandle.<clinit>()V+16
v  ~StubRoutines::call_stub

---------------  P R O C E S S  ---------------

Java Threads: ( => current thread )
  0x0000000014c5e000 JavaThread "C1 CompilerThread2" daemon [_thread_blocked, id=184240, stack(0x0000000016430000,0x0000000016530000)]
  0x0000000014c00000 JavaThread "C2 CompilerThread1" daemon [_thread_blocked, id=184564, stack(0x0000000016330000,0x0000000016430000)]
  0x0000000014bfd000 JavaThread "C2 CompilerThread0" daemon [_thread_blocked, id=182588, stack(0x0000000016230000,0x0000000016330000)]
  0x0000000014bfb000 JavaThread "Attach Listener" daemon [_thread_blocked, id=181124, stack(0x0000000016130000,0x0000000016230000)]
  0x0000000014bf9800 JavaThread "Signal Dispatcher" daemon [_thread_blocked, id=184400, stack(0x0000000016030000,0x0000000016130000)]
  0x0000000014bea800 JavaThread "Finalizer" daemon [_thread_blocked, id=185096, stack(0x0000000015e50000,0x0000000015f50000)]
  0x000000000251f800 JavaThread "Reference Handler" daemon [_thread_blocked, id=181808, stack(0x0000000015d50000,0x0000000015e50000)]
=>0x00000000009ed800 JavaThread "main" [_thread_in_native, id=184876, stack(0x0000000002330000,0x0000000002430000)]

Other Threads:
  0x0000000014bc7800 VMThread [stack: 0x0000000015c50000,0x0000000015d50000] [id=184308]

VM state:not at safepoint (normal execution)

VM Mutex/Monitor currently owned by a thread: None

Heap:
 PSYoungGen      total 38400K, used 665K [0x00000000eab00000, 0x00000000ed580000, 0x0000000100000000)
  eden space 33280K, 2% used [0x00000000eab00000,0x00000000eaba6670,0x00000000ecb80000)
  from space 5120K, 0% used [0x00000000ed080000,0x00000000ed080000,0x00000000ed580000)
  to   space 5120K, 0% used [0x00000000ecb80000,0x00000000ecb80000,0x00000000ed080000)
 ParOldGen       total 87552K, used 0K [0x00000000c0000000, 0x00000000c5580000, 0x00000000eab00000)
  object space 87552K, 0% used [0x00000000c0000000,0x00000000c0000000,0x00000000c5580000)
 Metaspace       used 2073K, capacity 4480K, committed 4480K, reserved 1056768K
  class space    used 228K, capacity 384K, committed 384K, reserved 1048576K

Card table byte_map: [0x00000000118f0000,0x0000000011b00000] byte_map_base: 0x00000000112f0000

Marking Bits: (ParMarkBitMap*) 0x000000005f7cc720
 Begin Bits: [0x0000000012060000, 0x0000000013060000)
 End Bits:   [0x0000000013060000, 0x0000000014060000)

Polling page: 0x00000000009f0000

CodeCache: size=245760Kb used=1022Kb max_used=1033Kb free=244737Kb
 bounds [0x0000000002530000, 0x00000000027a0000, 0x0000000011530000]
 total_blobs=211 nmethods=0 adapters=126
 compilation: enabled

Compilation events (0 events):
No events

GC Heap History (0 events):
No events

Deoptimization events (0 events):
No events

Internal exceptions (2 events):
Event: 0.057 Thread 0x00000000009ed800 Exception <a 'java/lang/NoSuchMethodError': Method sun.misc.Unsafe.defineClass(Ljava/lang/String;[BII)Ljava/lang/Class; name or signature does not match> (0x00000000eab07ca8) thrown at [C:\re\workspace\8-2-build-windows-amd64-cygwin\jdk8u131\8869\hotspot\
Event: 0.057 Thread 0x00000000009ed800 Exception <a 'java/lang/NoSuchMethodError': Method sun.misc.Unsafe.prefetchRead(Ljava/lang/Object;J)V name or signature does not match> (0x00000000eab07f90) thrown at [C:\re\workspace\8-2-build-windows-amd64-cygwin\jdk8u131\8869\hotspot\src\share\vm\prims

Events (10 events):
Event: 0.083 loading class sun/misc/Launcher$AppClassLoader$1
Event: 0.083 loading class sun/misc/Launcher$AppClassLoader$1 done
Event: 0.083 loading class java/lang/SystemClassLoaderAction
Event: 0.083 loading class java/lang/SystemClassLoaderAction done
Event: 0.083 Thread 0x0000000014bf9800 Thread added: 0x0000000014bf9800
Event: 0.083 Thread 0x0000000014bfb000 Thread added: 0x0000000014bfb000
Event: 0.083 Thread 0x0000000014bfd000 Thread added: 0x0000000014bfd000
Event: 0.084 Thread 0x0000000014c00000 Thread added: 0x0000000014c00000
Event: 0.085 Thread 0x0000000014c5e000 Thread added: 0x0000000014c5e000
Event: 0.086 loading class java/lang/invoke/MethodHandleImpl


Dynamic libraries:
0x00007ff78ec60000 - 0x00007ff78ec97000 	C:\Program Files\Java\jdk1.8.0_131\bin\java.exe
0x00007ffc9e7b0000 - 0x00007ffc9e95d000 	C:\Windows\SYSTEM32\ntdll.dll
0x00007ffc9e210000 - 0x00007ffc9e34e000 	C:\Windows\system32\KERNEL32.DLL
0x00007ffc9b9a0000 - 0x00007ffc9bab5000 	C:\Windows\system32\KERNELBASE.dll
0x00007ffc9a480000 - 0x00007ffc9a50e000 	C:\Windows\system32\apphelp.dll
0x00007ffc91b10000 - 0x00007ffc91b63000 	C:\Windows\AppPatch\AppPatch64\AcGenral.DLL
0x00007ffc9de60000 - 0x00007ffc9df0a000 	C:\Windows\system32\msvcrt.dll
0x00007ffc9be00000 - 0x00007ffc9be2e000 	C:\Windows\system32\SspiCli.dll
0x00007ffc9c4a0000 - 0x00007ffc9c4f4000 	C:\Windows\system32\SHLWAPI.dll
0x00007ffc9dce0000 - 0x00007ffc9de57000 	C:\Windows\system32\USER32.dll
0x00007ffc9df50000 - 0x00007ffc9e0e4000 	C:\Windows\system32\ole32.dll
0x00007ffc9c6f0000 - 0x00007ffc9dc18000 	C:\Windows\system32\SHELL32.dll
0x00007ffc9aec0000 - 0x00007ffc9aee1000 	C:\Windows\SYSTEM32\USERENV.dll
0x00007ffc9e0f0000 - 0x00007ffc9e19a000 	C:\Windows\system32\ADVAPI32.dll
0x00007ffc84a50000 - 0x00007ffc84a6e000 	C:\Windows\SYSTEM32\MPR.dll
0x00007ffc9c0b0000 - 0x00007ffc9c1f0000 	C:\Windows\system32\RPCRT4.dll
0x00007ffc9e350000 - 0x00007ffc9e3a9000 	C:\Windows\SYSTEM32\sechost.dll
0x00007ffc9be30000 - 0x00007ffc9c041000 	C:\Windows\SYSTEM32\combase.dll
0x00007ffc9e3b0000 - 0x00007ffc9e4ff000 	C:\Windows\system32\GDI32.dll
0x00007ffc9b8d0000 - 0x00007ffc9b8e5000 	C:\Windows\SYSTEM32\profapi.dll
0x00007ffc98980000 - 0x00007ffc98a32000 	C:\Windows\SYSTEM32\SHCORE.dll
0x00007ffc9df10000 - 0x00007ffc9df46000 	C:\Windows\system32\IMM32.DLL
0x00007ffc9c570000 - 0x00007ffc9c6c2000 	C:\Windows\system32\MSCTF.dll
0x00007ffc98500000 - 0x00007ffc9877b000 	C:\Windows\WinSxS\amd64_microsoft.windows.common-controls_6595b64144ccf1df_6.0.9600.18006_none_623f33d3ecbe86e8\COMCTL32.dll
0x000000005fec0000 - 0x000000005ff92000 	C:\Program Files\Java\jdk1.8.0_131\jre\bin\msvcr100.dll
0x000000005efb0000 - 0x000000005f84c000 	C:\Program Files\Java\jdk1.8.0_131\jre\bin\server\jvm.dll
0x00007ffc8b760000 - 0x00007ffc8b769000 	C:\Windows\SYSTEM32\WSOCK32.dll
0x00007ffc97f60000 - 0x00007ffc97f82000 	C:\Windows\SYSTEM32\WINMM.dll
0x00007ffc97f90000 - 0x00007ffc97f9a000 	C:\Windows\SYSTEM32\VERSION.dll
0x00007ffc9c6e0000 - 0x00007ffc9c6e7000 	C:\Windows\system32\PSAPI.DLL
0x00007ffc9c500000 - 0x00007ffc9c55a000 	C:\Windows\system32\WS2_32.dll
0x00007ffc97f20000 - 0x00007ffc97f4a000 	C:\Windows\SYSTEM32\WINMMBASE.dll
0x00007ffc9c490000 - 0x00007ffc9c499000 	C:\Windows\system32\NSI.dll
0x00007ffc9bdb0000 - 0x00007ffc9bdff000 	C:\Windows\SYSTEM32\cfgmgr32.dll
0x00007ffc9a6d0000 - 0x00007ffc9a6f8000 	C:\Windows\SYSTEM32\DEVOBJ.dll
0x0000000060640000 - 0x000000006064f000 	C:\Program Files\Java\jdk1.8.0_131\jre\bin\verify.dll
0x0000000060610000 - 0x0000000060639000 	C:\Program Files\Java\jdk1.8.0_131\jre\bin\java.dll
0x00000000605f0000 - 0x0000000060606000 	C:\Program Files\Java\jdk1.8.0_131\jre\bin\zip.dll

VM Arguments:
jvm_args: -Djava.awt.headless=true -Xmx1024M -Dfile.encoding=windows-1252 -Duser.country=US -Duser.language=en -Duser.variant 
java_command: com.android.dx.command.Main --dex --num-threads=4 --output E:\andro\Youtubek\app\build\intermediates\pre-dexed\debug\debug_6be58e93a040df2a8b9bec6ab45d0e2e0a5ee8f6.jar E:\andro\Youtubek\app\build\intermediates\classes\debug
java_class_path (initial): C:\Android\sdk\build-tools\25.0.3\lib\dx.jar
Launcher Type: SUN_STANDARD

Environment Variables:
PATH=E:\app\Kick\product\12.1.0\dbhome_1\bin;C:\Program Files (x86)\NVIDIA Corporation\PhysX\Common;C:\Program Files (x86)\Intel\iCLS Client\;C:\Program Files\Intel\iCLS Client\;C:\ProgramData\Oracle\Java\javapath;C:\Windows\system32;C:\Windows;C:\Windows\System32\Wbem;C:\Windows\System32\WindowsPowerShell\v1.0\;C:\Program Files (x86)\Skype\Phone\;C:\Program Files\Intel\Intel(R) Management Engine Components\DAL;C:\Program Files\Intel\Intel(R) Management Engine Components\IPT;C:\Program Files (x86)\Intel\Intel(R) Management Engine Components\DAL;C:\Program Files (x86)\Intel\Intel(R) Management Engine Components\IPT;C:\Program Files\Git\cmd
USERNAME=Kick
OS=Windows_NT
PROCESSOR_IDENTIFIER=Intel64 Family 6 Model 60 Stepping 3, GenuineIntel



---------------  S Y S T E M  ---------------

OS: Windows 8.1 , 64 bit Build 9600 (6.3.9600.17415)

CPU:total 4 (initial active 4) (4 cores per cpu, 1 threads per core) family 6 model 60 stepping 3, cmov, cx8, fxsr, mmx, sse, sse2, sse3, ssse3, sse4.1, sse4.2, popcnt, avx, avx2, aes, clmul, erms, lzcnt, tsc, tscinvbit, bmi1, bmi2

Memory: 4k page, physical 8283544k(1229612k free), swap 10463000k(4744k free)

vm_info: Java HotSpot(TM) 64-Bit Server VM (25.131-b11) for windows-amd64 JRE (1.8.0_131-b11), built on Mar 15 2017 01:23:53 by "java_re" with MS VC++ 10.0 (VS2010)

time: Tue May 30 16:38:56 2017
elapsed time: 0 seconds (0d 0h 0m 0s)

