#
# There is insufficient memory for the Java Runtime Environment to continue.
# Native memory allocation (malloc) failed to allocate 32744 bytes for ChunkPool::allocate
# Possible reasons:
#   The system is out of physical RAM or swap space
#   In 32 bit mode, the process size limit was hit
# Possible solutions:
#   Reduce memory load on the system
#   Increase physical memory or swap space
#   Check if swap backing store is full
#   Use 64 bit Java on a 64 bit OS
#   Decrease Java heap size (-Xmx/-Xms)
#   Decrease number of Java threads
#   Decrease Java thread stack sizes (-Xss)
#   Set larger code cache with -XX:ReservedCodeCacheSize=
# This output file may be truncated or incomplete.
#
#  Out of Memory Error (allocation.cpp:273), pid=180508, tid=0x000000000002d2f8
#
# JRE version: Java(TM) SE Runtime Environment (8.0_131-b11) (build 1.8.0_131-b11)
# Java VM: Java HotSpot(TM) 64-Bit Server VM (25.131-b11 mixed mode windows-amd64 compressed oops)
# Failed to write core dump. Minidumps are not enabled by default on client versions of Windows
#

---------------  T H R E A D  ---------------

Current thread (0x0000000014de9000):  JavaThread "C1 CompilerThread2" daemon [_thread_in_native, id=185080, stack(0x0000000016600000,0x0000000016700000)]

Stack: [0x0000000016600000,0x0000000016700000]
[error occurred during error reporting (printing stack bounds), id 0xc0000005]

Native frames: (J=compiled Java code, j=interpreted, Vv=VM code, C=native code)


Current CompileTask:
C1:    125   48  s!   3       sun.misc.URLClassPath::getLoader (243 bytes)


---------------  P R O C E S S  ---------------

Java Threads: ( => current thread )
  0x0000000016741000 JavaThread "Service Thread" daemon [_thread_blocked, id=185068, stack(0x0000000016b00000,0x0000000016c00000)]
=>0x0000000014de9000 JavaThread "C1 CompilerThread2" daemon [_thread_in_native, id=185080, stack(0x0000000016600000,0x0000000016700000)]
  0x0000000014db0000 JavaThread "C2 CompilerThread1" daemon [_thread_blocked, id=175100, stack(0x0000000016500000,0x0000000016600000)]
  0x0000000014dad000 JavaThread "C2 CompilerThread0" daemon [_thread_blocked, id=176980, stack(0x0000000016400000,0x0000000016500000)]
  0x0000000014dab000 JavaThread "Attach Listener" daemon [_thread_blocked, id=184448, stack(0x0000000016300000,0x0000000016400000)]
  0x0000000014da9800 JavaThread "Signal Dispatcher" daemon [_thread_blocked, id=176372, stack(0x0000000016200000,0x0000000016300000)]
  0x0000000014d9a800 JavaThread "Finalizer" daemon [_thread_blocked, id=184712, stack(0x0000000016020000,0x0000000016120000)]
  0x0000000014d79000 JavaThread "Reference Handler" daemon [_thread_blocked, id=185092, stack(0x0000000015f20000,0x0000000016020000)]
  0x000000000254d800 JavaThread "main" [_thread_in_vm, id=175972, stack(0x0000000002420000,0x0000000002520000)]

Other Threads:
  0x0000000014d77000 VMThread [stack: 0x0000000015e20000,0x0000000015f20000] [id=184816]
  0x0000000016745800 WatcherThread [stack: 0x0000000016c00000,0x0000000016d00000] [id=175696]

VM state:not at safepoint (normal execution)

VM Mutex/Monitor currently owned by a thread: None

Heap:
 PSYoungGen      total 38400K, used 1997K [0x00000000eab00000, 0x00000000ed580000, 0x0000000100000000)
  eden space 33280K, 6% used [0x00000000eab00000,0x00000000eacf3558,0x00000000ecb80000)
  from space 5120K, 0% used [0x00000000ed080000,0x00000000ed080000,0x00000000ed580000)
  to   space 5120K, 0% used [0x00000000ecb80000,0x00000000ecb80000,0x00000000ed080000)
 ParOldGen       total 87552K, used 0K [0x00000000c0000000, 0x00000000c5580000, 0x00000000eab00000)
  object space 87552K, 0% used [0x00000000c0000000,0x00000000c0000000,0x00000000c5580000)
 Metaspace       used 3182K, capacity 4656K, committed 4864K, reserved 1058816K
  class space    used 351K, capacity 424K, committed 512K, reserved 1048576K

Card table byte_map: [0x0000000011aa0000,0x0000000011cb0000] byte_map_base: 0x00000000114a0000

Marking Bits: (ParMarkBitMap*) 0x000000005f7cc720
 Begin Bits: [0x0000000012210000, 0x0000000013210000)
 End Bits:   [0x0000000013210000, 0x0000000014210000)

Polling page: 0x0000000000b30000

CodeCache: size=245760Kb used=1132Kb max_used=1132Kb free=244627Kb
 bounds [0x00000000026e0000, 0x0000000002950000, 0x00000000116e0000]
 total_blobs=282 nmethods=46 adapters=149
 compilation: enabled

Compilation events (10 events):
Event: 0.101 Thread 0x0000000014de9000 nmethod 41 0x00000000027f9e10 code [0x00000000027f9fa0, 0x00000000027fa348]
Event: 0.103 Thread 0x0000000014de9000   42       3       java.util.concurrent.ConcurrentHashMap::setTabAt (19 bytes)
Event: 0.103 Thread 0x0000000014de9000 nmethod 42 0x00000000027fa890 code [0x00000000027fa9e0, 0x00000000027fab50]
Event: 0.103 Thread 0x0000000014de9000   44       1       java.net.URL::getHost (5 bytes)
Event: 0.103 Thread 0x0000000014de9000 nmethod 44 0x00000000027fabd0 code [0x00000000027fad20, 0x00000000027fae30]
Event: 0.104 Thread 0x0000000014de9000   45       1       java.net.URL::getProtocol (5 bytes)
Event: 0.104 Thread 0x0000000014de9000 nmethod 45 0x00000000027fae90 code [0x00000000027fafe0, 0x00000000027fb0f0]
Event: 0.104 Thread 0x0000000014de9000   46       3       java.lang.AbstractStringBuilder::newCapacity (39 bytes)
Event: 0.104 Thread 0x0000000014de9000 nmethod 46 0x00000000027fb150 code [0x00000000027fb2e0, 0x00000000027fb6c8]
Event: 0.104 Thread 0x0000000014de9000   48  s!   3       sun.misc.URLClassPath::getLoader (243 bytes)

GC Heap History (0 events):
No events

Deoptimization events (0 events):
No events

Internal exceptions (2 events):
Event: 0.029 Thread 0x000000000254d800 Exception <a 'java/lang/NoSuchMethodError': Method sun.misc.Unsafe.defineClass(Ljava/lang/String;[BII)Ljava/lang/Class; name or signature does not match> (0x00000000eab07ca8) thrown at [C:\re\workspace\8-2-build-windows-amd64-cygwin\jdk8u131\8869\hotspot\
Event: 0.029 Thread 0x000000000254d800 Exception <a 'java/lang/NoSuchMethodError': Method sun.misc.Unsafe.prefetchRead(Ljava/lang/Object;J)V name or signature does not match> (0x00000000eab07f90) thrown at [C:\re\workspace\8-2-build-windows-amd64-cygwin\jdk8u131\8869\hotspot\src\share\vm\prims

Events (10 events):
Event: 0.103 loading class com/android/dx/command/DxConsole
Event: 0.103 loading class com/android/dx/command/DxConsole done
Event: 0.104 loading class com/android/dx/command/DxConsole$1
Event: 0.104 loading class com/android/dx/command/DxConsole$1 done
Event: 0.104 loading class com/android/dx/dex/DexOptions
Event: 0.104 loading class com/android/dx/dex/DexOptions done
Event: 0.104 loading class com/android/dx/dex/file/DexFile
Event: 0.104 loading class com/android/dx/dex/file/DexFile done
Event: 0.105 loading class com/android/dx/dex/file/Section
Event: 0.105 loading class com/android/dx/dex/file/Section done


Dynamic libraries:
0x00007ff78ec60000 - 0x00007ff78ec97000 	C:\Program Files\Java\jdk1.8.0_131\bin\java.exe
0x00007ffc9e7b0000 - 0x00007ffc9e95d000 	C:\Windows\SYSTEM32\ntdll.dll
0x00007ffc9e210000 - 0x00007ffc9e34e000 	C:\Windows\system32\KERNEL32.DLL
0x00007ffc9b9a0000 - 0x00007ffc9bab5000 	C:\Windows\system32\KERNELBASE.dll
0x00007ffc9a480000 - 0x00007ffc9a50e000 	C:\Windows\system32\apphelp.dll
0x00007ffc91b10000 - 0x00007ffc91b63000 	C:\Windows\AppPatch\AppPatch64\AcGenral.DLL
0x00007ffc9de60000 - 0x00007ffc9df0a000 	C:\Windows\system32\msvcrt.dll
0x00007ffc9be00000 - 0x00007ffc9be2e000 	C:\Windows\system32\SspiCli.dll
0x00007ffc9c4a0000 - 0x00007ffc9c4f4000 	C:\Windows\system32\SHLWAPI.dll
0x00007ffc9dce0000 - 0x00007ffc9de57000 	C:\Windows\system32\USER32.dll
0x00007ffc9df50000 - 0x00007ffc9e0e4000 	C:\Windows\system32\ole32.dll
0x00007ffc9c6f0000 - 0x00007ffc9dc18000 	C:\Windows\system32\SHELL32.dll
0x00007ffc9aec0000 - 0x00007ffc9aee1000 	C:\Windows\SYSTEM32\USERENV.dll
0x00007ffc9e0f0000 - 0x00007ffc9e19a000 	C:\Windows\system32\ADVAPI32.dll
0x00007ffc84a50000 - 0x00007ffc84a6e000 	C:\Windows\SYSTEM32\MPR.dll
0x00007ffc9c0b0000 - 0x00007ffc9c1f0000 	C:\Windows\system32\RPCRT4.dll
0x00007ffc9e350000 - 0x00007ffc9e3a9000 	C:\Windows\SYSTEM32\sechost.dll
0x00007ffc9be30000 - 0x00007ffc9c041000 	C:\Windows\SYSTEM32\combase.dll
0x00007ffc9e3b0000 - 0x00007ffc9e4ff000 	C:\Windows\system32\GDI32.dll
0x00007ffc9b8d0000 - 0x00007ffc9b8e5000 	C:\Windows\SYSTEM32\profapi.dll
0x00007ffc98980000 - 0x00007ffc98a32000 	C:\Windows\SYSTEM32\SHCORE.dll
0x00007ffc9df10000 - 0x00007ffc9df46000 	C:\Windows\system32\IMM32.DLL
0x00007ffc9c570000 - 0x00007ffc9c6c2000 	C:\Windows\system32\MSCTF.dll
0x00007ffc98500000 - 0x00007ffc9877b000 	C:\Windows\WinSxS\amd64_microsoft.windows.common-controls_6595b64144ccf1df_6.0.9600.18006_none_623f33d3ecbe86e8\COMCTL32.dll
0x000000005fec0000 - 0x000000005ff92000 	C:\Program Files\Java\jdk1.8.0_131\jre\bin\msvcr100.dll
0x000000005efb0000 - 0x000000005f84c000 	C:\Program Files\Java\jdk1.8.0_131\jre\bin\server\jvm.dll
0x00007ffc8b760000 - 0x00007ffc8b769000 	C:\Windows\SYSTEM32\WSOCK32.dll
0x00007ffc97f60000 - 0x00007ffc97f82000 	C:\Windows\SYSTEM32\WINMM.dll
0x00007ffc97f90000 - 0x00007ffc97f9a000 	C:\Windows\SYSTEM32\VERSION.dll
0x00007ffc9c6e0000 - 0x00007ffc9c6e7000 	C:\Windows\system32\PSAPI.DLL
0x00007ffc9c500000 - 0x00007ffc9c55a000 	C:\Windows\system32\WS2_32.dll
0x00007ffc97f20000 - 0x00007ffc97f4a000 	C:\Windows\SYSTEM32\WINMMBASE.dll
0x00007ffc9c490000 - 0x00007ffc9c499000 	C:\Windows\system32\NSI.dll
0x00007ffc9bdb0000 - 0x00007ffc9bdff000 	C:\Windows\SYSTEM32\cfgmgr32.dll
0x00007ffc9a6d0000 - 0x00007ffc9a6f8000 	C:\Windows\SYSTEM32\DEVOBJ.dll
0x0000000060640000 - 0x000000006064f000 	C:\Program Files\Java\jdk1.8.0_131\jre\bin\verify.dll
0x0000000060610000 - 0x0000000060639000 	C:\Program Files\Java\jdk1.8.0_131\jre\bin\java.dll
0x00000000605f0000 - 0x0000000060606000 	C:\Program Files\Java\jdk1.8.0_131\jre\bin\zip.dll

VM Arguments:
jvm_args: -Djava.awt.headless=true -Xmx1024M -Dfile.encoding=windows-1252 -Duser.country=US -Duser.language=en -Duser.variant 
java_command: com.android.dx.command.Main --dex --num-threads=4 --output E:\andro\Youtubek\app\build\intermediates\pre-dexed\debug\com.android.support-appcompat-v7-25.3.1_d08c06269ea1d729883dc2bd6079ccf2c70afc22.jar E:\andro\Youtubek\app\build\intermediates\exploded-aar\com.android.support\appcompat-v7\25.3.1\jars\classes.jar
java_class_path (initial): C:\Android\sdk\build-tools\25.0.3\lib\dx.jar
Launcher Type: SUN_STANDARD

Environment Variables:
PATH=E:\app\Kick\product\12.1.0\dbhome_1\bin;C:\Program Files (x86)\NVIDIA Corporation\PhysX\Common;C:\Program Files (x86)\Intel\iCLS Client\;C:\Program Files\Intel\iCLS Client\;C:\ProgramData\Oracle\Java\javapath;C:\Windows\system32;C:\Windows;C:\Windows\System32\Wbem;C:\Windows\System32\WindowsPowerShell\v1.0\;C:\Program Files (x86)\Skype\Phone\;C:\Program Files\Intel\Intel(R) Management Engine Components\DAL;C:\Program Files\Intel\Intel(R) Management Engine Components\IPT;C:\Program Files (x86)\Intel\Intel(R) Management Engine Components\DAL;C:\Program Files (x86)\Intel\Intel(R) Management Engine Components\IPT;C:\Program Files\Git\cmd
USERNAME=Kick
OS=Windows_NT
PROCESSOR_IDENTIFIER=Intel64 Family 6 Model 60 Stepping 3, GenuineIntel



---------------  S Y S T E M  ---------------

OS: Windows 8.1 , 64 bit Build 9600 (6.3.9600.17415)

CPU:total 4 (initial active 4) (4 cores per cpu, 1 threads per core) family 6 model 60 stepping 3, cmov, cx8, fxsr, mmx, sse, sse2, sse3, ssse3, sse4.1, sse4.2, popcnt, avx, avx2, aes, clmul, erms, lzcnt, tsc, tscinvbit, bmi1, bmi2

Memory: 4k page, physical 8283544k(1229580k free), swap 10463000k(4736k free)

vm_info: Java HotSpot(TM) 64-Bit Server VM (25.131-b11) for windows-amd64 JRE (1.8.0_131-b11), built on Mar 15 2017 01:23:53 by "java_re" with MS VC++ 10.0 (VS2010)

time: Tue May 30 16:38:56 2017
elapsed time: 0 seconds (0d 0h 0m 0s)

